Using pre-set license
Built from '2022.2/staging' branch; Version is '2022.2.6f1 (10bfa6201ced) revision 1097638'; Using compiler version '192829333'; Build Type 'Release'
OS: 'Windows 10  (10.0.19045) 64bit CoreSingleLanguage' Language: 'en' Physical Memory: 16197 MB
BatchMode: 1, IsHumanControllingUs: 0, StartBugReporterOnCrash: 0, Is64bit: 1, IsPro: 1

COMMAND LINE ARGUMENTS:
C:\Program Files\Unity\Hub\Editor\2022.2.6f1\Editor\Unity.exe
-adb2
-batchMode
-noUpm
-name
AssetImportWorker0
-projectPath
D:/unity_workspace/Project_Akhir/New Unity Project
-logFile
Logs/AssetImportWorker0.log
-srvPort
50462
Successfully changed project path to: D:/unity_workspace/Project_Akhir/New Unity Project
D:/unity_workspace/Project_Akhir/New Unity Project
[UnityMemory] Configuration Parameters - Can be set up in boot.config
    "memorysetup-bucket-allocator-granularity=16"
    "memorysetup-bucket-allocator-bucket-count=8"
    "memorysetup-bucket-allocator-block-size=33554432"
    "memorysetup-bucket-allocator-block-count=8"
    "memorysetup-main-allocator-block-size=16777216"
    "memorysetup-thread-allocator-block-size=16777216"
    "memorysetup-gfx-main-allocator-block-size=16777216"
    "memorysetup-gfx-thread-allocator-block-size=16777216"
    "memorysetup-cache-allocator-block-size=4194304"
    "memorysetup-typetree-allocator-block-size=2097152"
    "memorysetup-profiler-bucket-allocator-granularity=16"
    "memorysetup-profiler-bucket-allocator-bucket-count=8"
    "memorysetup-profiler-bucket-allocator-block-size=33554432"
    "memorysetup-profiler-bucket-allocator-block-count=8"
    "memorysetup-profiler-allocator-block-size=16777216"
    "memorysetup-profiler-editor-allocator-block-size=1048576"
    "memorysetup-temp-allocator-size-main=16777216"
    "memorysetup-job-temp-allocator-block-size=2097152"
    "memorysetup-job-temp-allocator-block-size-background=1048576"
    "memorysetup-job-temp-allocator-reduction-small-platforms=262144"
    "memorysetup-temp-allocator-size-background-worker=32768"
    "memorysetup-temp-allocator-size-job-worker=262144"
    "memorysetup-temp-allocator-size-preload-manager=33554432"
    "memorysetup-temp-allocator-size-nav-mesh-worker=65536"
    "memorysetup-temp-allocator-size-audio-worker=65536"
    "memorysetup-temp-allocator-size-cloud-worker=32768"
    "memorysetup-temp-allocator-size-gi-baking-worker=262144"
    "memorysetup-temp-allocator-size-gfx=262144"
Player connection [9404] Host "[IP] 192.168.100.27 [Port] 0 [Flags] 2 [Guid] 1037430238 [EditorId] 1037430238 [Version] 1048832 [Id] WindowsEditor(7,DESKTOP-GL9L1Q8) [Debug] 1 [PackageName] WindowsEditor [ProjectName] Editor" joined multi-casting on [225.0.0.222:54997]...

Player connection [9404] Host "[IP] 192.168.100.27 [Port] 0 [Flags] 2 [Guid] 1037430238 [EditorId] 1037430238 [Version] 1048832 [Id] WindowsEditor(7,DESKTOP-GL9L1Q8) [Debug] 1 [PackageName] WindowsEditor [ProjectName] Editor" joined alternative multi-casting on [225.0.0.222:34997]...

Refreshing native plugins compatible for Editor in 0.00 ms, found 0 plugins.
Preloading 0 native plugins for Editor in 0.00 ms.
Initialize engine version: 2022.2.6f1 (10bfa6201ced)
[Subsystems] Discovering subsystems at path C:/Program Files/Unity/Hub/Editor/2022.2.6f1/Editor/Data/Resources/UnitySubsystems
[Subsystems] Discovering subsystems at path D:/unity_workspace/Project_Akhir/New Unity Project/Assets
GfxDevice: creating device client; threaded=0; jobified=0
Direct3D:
    Version:  Direct3D 11.0 [level 11.1]
    Renderer: NVIDIA GeForce MX230 (ID=0x1d11)
    Vendor:   NVIDIA
    VRAM:     1984 MB
    Driver:   25.21.14.1788
Initialize mono
Mono path[0] = 'C:/Program Files/Unity/Hub/Editor/2022.2.6f1/Editor/Data/Managed'
Mono path[1] = 'C:/Program Files/Unity/Hub/Editor/2022.2.6f1/Editor/Data/MonoBleedingEdge/lib/mono/unityjit-win32'
Mono config path = 'C:/Program Files/Unity/Hub/Editor/2022.2.6f1/Editor/Data/MonoBleedingEdge/etc'
Using monoOptions --debugger-agent=transport=dt_socket,embedding=1,server=y,suspend=n,address=127.0.0.1:56152
Begin MonoManager ReloadAssembly
Registering precompiled unity dll's ...
Register platform support module: C:/Program Files/Unity/Hub/Editor/2022.2.6f1/Editor/Data/PlaybackEngines/AndroidPlayer/UnityEditor.Android.Extensions.dll
Register platform support module: C:/Program Files/Unity/Hub/Editor/2022.2.6f1/Editor/Data/PlaybackEngines/iOSSupport/UnityEditor.iOS.Extensions.dll
Register platform support module: C:/Program Files/Unity/Hub/Editor/2022.2.6f1/Editor/Data/PlaybackEngines/WindowsStandaloneSupport/UnityEditor.WindowsStandalone.Extensions.dll
Registered in 0.027709 seconds.
- Loaded All Assemblies, in  0.881 seconds
Native extension for WindowsStandalone target not found
Native extension for iOS target not found
Native extension for Android target not found
Android Extension - Scanning For ADB Devices 610 ms
Mono: successfully reloaded assembly
- Finished resetting the current domain, in  1.387 seconds
Domain Reload Profiling:
	ReloadAssembly (496ms)
		BeginReloadAssembly (209ms)
			ExecutionOrderSort (0ms)
			DisableScriptedObjects (0ms)
			BackupInstance (0ms)
			ReleaseScriptingObjects (0ms)
			CreateAndSetChildDomain (1ms)
		LoadAllAssembliesAndSetupDomain (0ms)
			LoadAssemblies (206ms)
			RebuildTransferFunctionScriptingTraits (0ms)
			SetupTypeCache (366ms)
				TypeCache.Initialize (363ms)
					TypeCache.ScanAssembly (359ms)
				ResolveRequiredComponents (1ms)
		FinalizeReload (0ms)
			ReleaseScriptCaches (0ms)
			RebuildScriptCaches (0ms)
			SetupLoadedEditorAssemblies (1232ms)
				LogAssemblyErrors (0ms)
				InitializePlatformSupportModulesInManaged (838ms)
				SetLoadedEditorAssemblies (11ms)
				RefreshPlugins (0ms)
				BeforeProcessingInitializeOnLoad (2ms)
				ProcessInitializeOnLoadAttributes (261ms)
				ProcessInitializeOnLoadMethodAttributes (119ms)
				AfterProcessingInitializeOnLoad (0ms)
				EditorAssembliesLoaded (0ms)
			ExecutionOrderSort2 (0ms)
			AwakeInstancesAfterBackupRestoration (0ms)
========================================================================
Worker process is ready to serve import requests
Begin MonoManager ReloadAssembly
- Loaded All Assemblies, in  0.801 seconds
Refreshing native plugins compatible for Editor in 0.00 ms, found 0 plugins.
Native extension for WindowsStandalone target not found
Native extension for iOS target not found
Native extension for Android target not found
Mono: successfully reloaded assembly
- Finished resetting the current domain, in  0.902 seconds
Domain Reload Profiling:
	ReloadAssembly (435ms)
		BeginReloadAssembly (270ms)
			ExecutionOrderSort (0ms)
			DisableScriptedObjects (13ms)
			BackupInstance (0ms)
			ReleaseScriptingObjects (0ms)
			CreateAndSetChildDomain (39ms)
		LoadAllAssembliesAndSetupDomain (361ms)
			LoadAssemblies (149ms)
			RebuildTransferFunctionScriptingTraits (0ms)
			SetupTypeCache (342ms)
				TypeCache.Initialize (340ms)
					TypeCache.ScanAssembly (336ms)
				ResolveRequiredComponents (1ms)
		FinalizeReload (0ms)
			ReleaseScriptCaches (0ms)
			RebuildScriptCaches (0ms)
			SetupLoadedEditorAssemblies (569ms)
				LogAssemblyErrors (0ms)
				InitializePlatformSupportModulesInManaged (114ms)
				SetLoadedEditorAssemblies (13ms)
				RefreshPlugins (0ms)
				BeforeProcessingInitializeOnLoad (73ms)
				ProcessInitializeOnLoadAttributes (297ms)
				ProcessInitializeOnLoadMethodAttributes (50ms)
				AfterProcessingInitializeOnLoad (22ms)
				EditorAssembliesLoaded (0ms)
			ExecutionOrderSort2 (0ms)
			AwakeInstancesAfterBackupRestoration (21ms)
Launched and connected shader compiler UnityShaderCompiler.exe after 0.12 seconds
Refreshing native plugins compatible for Editor in 0.00 ms, found 0 plugins.
Preloading 0 native plugins for Editor in 0.00 ms.
Unloading 10 Unused Serialized files (Serialized files now loaded: 0)
Unloading 3 unused Assets / (1.4 MB). Loaded Objects now: 485.
Memory consumption went from 42.0 MB to 40.6 MB.
Total: 4.312300 ms (FindLiveObjects: 0.054700 ms CreateObjectMapping: 0.005000 ms MarkObjects: 4.148500 ms  DeleteObjects: 0.103000 ms)

AssetImportParameters requested are different than current active one (requested -> active):
  custom:video-decoder-ogg-theora: a1e56fd34408186e4bbccfd4996cb3dc -> 
  custom:container-muxer-webm: aa71ff27fc2769a1b78a27578f13a17b -> 
  custom:container-demuxer-webm: 4f35f7cbe854078d1ac9338744f61a02 -> 
  custom:video-encoder-webm-vp8: eb34c28f22e8b96e1ab97ce403110664 -> 
  custom:audio-encoder-webm-vorbis: bf7c407c2cedff20999df2af8eb42d56 -> 
  custom:framework-win-MediaFoundation: 216162199b28c13a410421893ffa2e32 -> 
  custom:container-demuxer-ogg: 62fdf1f143b41e24485cea50d1cbac27 -> 
  custom:video-decoder-webm-vp8: 9c59270c3fd7afecdb556c50c9e8de78 -> 
  custom:audio-decoder-ogg-vorbis: bf7c407c2cedff20999df2af8eb42d56 -> 
  custom:AudioImporter_EditorPlatform: d09bf68614088b80899f8185d706f6e7 -> 
========================================================================
Received Import Request.
  Time since last request: 344675.308893 seconds.
  path: Assets/3Ds/ParticleSystem/FakeFog.mat
  artifactKey: Guid(dfeb95287d7582e44aefe16507d0b20e) Importer(815301076,1909f56bfc062723c751e8b465ee728b)
Start importing Assets/3Ds/ParticleSystem/FakeFog.mat using Guid(dfeb95287d7582e44aefe16507d0b20e) Importer(815301076,1909f56bfc062723c751e8b465ee728b)  -> (artifact id: '272680748b6735af4dc1d44742c3b2f0') in 0.343851 seconds 
Number of updated asset objects reloaded before import = 0
Number of asset objects unloaded after import = 2
========================================================================
Received Import Request.
  Time since last request: 7.167332 seconds.
  path: Assets/3Ds/ParticleSystem
  artifactKey: Guid(3300e385efb1de34d9dfd3f7092679c5) Importer(815301076,1909f56bfc062723c751e8b465ee728b)
Start importing Assets/3Ds/ParticleSystem using Guid(3300e385efb1de34d9dfd3f7092679c5) Importer(815301076,1909f56bfc062723c751e8b465ee728b)  -> (artifact id: '5284aa39c40f96fee62598ece0cbf07b') in 0.000515 seconds 
Number of updated asset objects reloaded before import = 0
Number of asset objects unloaded after import = 0
========================================================================
Received Import Request.
  Time since last request: 0.085162 seconds.
  path: Assets/3Ds/ParticleSystem/Smoke30Frames_0.png
  artifactKey: Guid(6f750e739650d3a4da08b668a0b55695) Importer(815301076,1909f56bfc062723c751e8b465ee728b)
Start importing Assets/3Ds/ParticleSystem/Smoke30Frames_0.png using Guid(6f750e739650d3a4da08b668a0b55695) Importer(815301076,1909f56bfc062723c751e8b465ee728b)  -> (artifact id: '88a8f6e7bc4786430fa6cc0288622888') in 0.059604 seconds 
Number of updated asset objects reloaded before import = 0
Number of asset objects unloaded after import = 3
========================================================================
Received Import Request.
  Time since last request: 3.122087 seconds.
  path: Assets/3Ds/Annie/annies-ghost.fbx
  artifactKey: Guid(73c98f5ec5de0bb43a466ef5f93a289e) Importer(815301076,1909f56bfc062723c751e8b465ee728b)
Start importing Assets/3Ds/Annie/annies-ghost.fbx using Guid(73c98f5ec5de0bb43a466ef5f93a289e) Importer(815301076,1909f56bfc062723c751e8b465ee728b)  -> (artifact id: '7bdafeac0f83b7c72dab3bace863e055') in 0.843608 seconds 
Number of updated asset objects reloaded before import = 0
Number of asset objects unloaded after import = 10
========================================================================
Received Import Request.
  Time since last request: 10.202358 seconds.
  path: Assets/3Ds/Corridor/Corridor.blend
  artifactKey: Guid(eb6ffc060cb63b64eac3d73b272319d0) Importer(815301076,1909f56bfc062723c751e8b465ee728b)
Start importing Assets/3Ds/Corridor/Corridor.blend using Guid(eb6ffc060cb63b64eac3d73b272319d0) Importer(815301076,1909f56bfc062723c751e8b465ee728b)  -> (artifact id: '9549e6e8f49dac559b9d573f62df2ef2') in 0.410234 seconds 
Number of updated asset objects reloaded before import = 0
Number of asset objects unloaded after import = 36
========================================================================
Received Import Request.
  Time since last request: 0.000043 seconds.
  path: Assets/3Ds/Corridor/pexels-fwstudio-163999.jpg
  artifactKey: Guid(fdcf1052ee801824da611161cd3aa789) Importer(815301076,1909f56bfc062723c751e8b465ee728b)
Start importing Assets/3Ds/Corridor/pexels-fwstudio-163999.jpg using Guid(fdcf1052ee801824da611161cd3aa789) Importer(815301076,1909f56bfc062723c751e8b465ee728b)  -> (artifact id: '5e87aaad89c242a03e90097e25cfa6e5') in 0.040772 seconds 
Number of updated asset objects reloaded before import = 0
Number of asset objects unloaded after import = 2
========================================================================
Received Import Request.
  Time since last request: 0.000037 seconds.
  path: Assets/3Ds/Corridor/Corridor-roughness.png
  artifactKey: Guid(c35688961751d95429b128c186e75e23) Importer(815301076,1909f56bfc062723c751e8b465ee728b)
Start importing Assets/3Ds/Corridor/Corridor-roughness.png using Guid(c35688961751d95429b128c186e75e23) Importer(815301076,1909f56bfc062723c751e8b465ee728b)  -> (artifact id: '52dfc2a739fab9cce74090f8c222e24c') in 0.061517 seconds 
Number of updated asset objects reloaded before import = 0
Number of asset objects unloaded after import = 2
========================================================================
Received Import Request.
  Time since last request: 0.000189 seconds.
  path: Assets/3Ds/Corridor/Corridor.png
  artifactKey: Guid(81205948fe49a2848a8ab2b17ef413ce) Importer(815301076,1909f56bfc062723c751e8b465ee728b)
Start importing Assets/3Ds/Corridor/Corridor.png using Guid(81205948fe49a2848a8ab2b17ef413ce) Importer(815301076,1909f56bfc062723c751e8b465ee728b)  -> (artifact id: 'bf9107aec99106422c6413e3189461b9') in 0.066078 seconds 
Number of updated asset objects reloaded before import = 0
Number of asset objects unloaded after import = 2
========================================================================
Received Import Request.
  Time since last request: 1798.524226 seconds.
  path: Assets/3Ds/Corridor/Materials
  artifactKey: Guid(7824e58e93283bd40afb92593537deae) Importer(815301076,1909f56bfc062723c751e8b465ee728b)
Start importing Assets/3Ds/Corridor/Materials using Guid(7824e58e93283bd40afb92593537deae) Importer(815301076,1909f56bfc062723c751e8b465ee728b)  -> (artifact id: '30df1c2a9a99d50f89883da4aec816af') in 0.004097 seconds 
Number of updated asset objects reloaded before import = 0
Number of asset objects unloaded after import = 0
========================================================================
Received Import Request.
  Time since last request: 0.017868 seconds.
  path: Assets/3Ds/Corridor/Materials/Bulb.mat
  artifactKey: Guid(e52ee7a7ac47dff4898da8f08e17888e) Importer(815301076,1909f56bfc062723c751e8b465ee728b)
Start importing Assets/3Ds/Corridor/Materials/Bulb.mat using Guid(e52ee7a7ac47dff4898da8f08e17888e) Importer(815301076,1909f56bfc062723c751e8b465ee728b)  -> (artifact id: '9ada6fa457749ac59c0310d065a33113') in 0.094670 seconds 
Number of updated asset objects reloaded before import = 0
Number of asset objects unloaded after import = 1
========================================================================
Received Import Request.
  Time since last request: 0.000865 seconds.
  path: Assets/3Ds/Corridor/Materials/pexels-fwstudio-163999.mat
  artifactKey: Guid(9f8b4a678d5837f4c9efd1e268ebf26f) Importer(815301076,1909f56bfc062723c751e8b465ee728b)
Start importing Assets/3Ds/Corridor/Materials/pexels-fwstudio-163999.mat using Guid(9f8b4a678d5837f4c9efd1e268ebf26f) Importer(815301076,1909f56bfc062723c751e8b465ee728b)  -> (artifact id: '4f0e5f4013b46df88a24ebe6b77ad875') in 0.519272 seconds 
Number of updated asset objects reloaded before import = 0
Number of asset objects unloaded after import = 2
========================================================================
Received Import Request.
  Time since last request: 5.627237 seconds.
  path: Assets/3Ds/Corridor
  artifactKey: Guid(037ba53e09837994985aaf20bee4cff9) Importer(815301076,1909f56bfc062723c751e8b465ee728b)
Start importing Assets/3Ds/Corridor using Guid(037ba53e09837994985aaf20bee4cff9) Importer(815301076,1909f56bfc062723c751e8b465ee728b)  -> (artifact id: '3c76292b999d39e4fceebeba9610c425') in 0.000574 seconds 
Number of updated asset objects reloaded before import = 0
Number of asset objects unloaded after import = 0
========================================================================
Received Import Request.
  Time since last request: 191.374588 seconds.
  path: Assets/3Ds/Corridor/Corridor.blend1
  artifactKey: Guid(f1050d205790ad444a58f8a45d882d2f) Importer(815301076,1909f56bfc062723c751e8b465ee728b)
Start importing Assets/3Ds/Corridor/Corridor.blend1 using Guid(f1050d205790ad444a58f8a45d882d2f) Importer(815301076,1909f56bfc062723c751e8b465ee728b)  -> (artifact id: 'a9ee7c7180e42402686c3b151be95837') in 0.002469 seconds 
Number of updated asset objects reloaded before import = 0
Number of asset objects unloaded after import = 1
========================================================================
Received Import Request.
  Time since last request: 5.596189 seconds.
  path: Assets/3Ds/Corridor/Materials/Corridor-roughness.mat
  artifactKey: Guid(c74b32fca9e3f0d44a9fa46795304cbc) Importer(815301076,1909f56bfc062723c751e8b465ee728b)
Start importing Assets/3Ds/Corridor/Materials/Corridor-roughness.mat using Guid(c74b32fca9e3f0d44a9fa46795304cbc) Importer(815301076,1909f56bfc062723c751e8b465ee728b)  -> (artifact id: '273ff3ba4330c7196242e6b8751a2402') in 0.036537 seconds 
Number of updated asset objects reloaded before import = 0
Number of asset objects unloaded after import = 2
========================================================================
Received Import Request.
  Time since last request: 147.123120 seconds.
  path: Assets/Animations/FPS
  artifactKey: Guid(b8b94a74c2edbf14a96a33c9fb849c59) Importer(815301076,1909f56bfc062723c751e8b465ee728b)
Start importing Assets/Animations/FPS using Guid(b8b94a74c2edbf14a96a33c9fb849c59) Importer(815301076,1909f56bfc062723c751e8b465ee728b)  -> (artifact id: 'bda75541b54f934c5905ce91847a9c43') in 0.000814 seconds 
Number of updated asset objects reloaded before import = 0
Number of asset objects unloaded after import = 0
========================================================================
Received Import Request.
  Time since last request: 1.209865 seconds.
  path: Assets/Animations/FPS/FPS_idle.anim
  artifactKey: Guid(d10c6f77b1a5d514cb82f1632ddc9c3e) Importer(815301076,1909f56bfc062723c751e8b465ee728b)
Start importing Assets/Animations/FPS/FPS_idle.anim using Guid(d10c6f77b1a5d514cb82f1632ddc9c3e) Importer(815301076,1909f56bfc062723c751e8b465ee728b)  -> (artifact id: '6ea50736e01fbbb8cff0ec28e4b951c9') in 0.003940 seconds 
Number of updated asset objects reloaded before import = 0
Number of asset objects unloaded after import = 1
========================================================================
Received Import Request.
  Time since last request: 1.624167 seconds.
  path: Assets/Audios/Jumpscare Sound Effect gain.mp3
  artifactKey: Guid(baf814d1eb564b248b28c9ccbf9b64a7) Importer(815301076,1909f56bfc062723c751e8b465ee728b)
Start importing Assets/Audios/Jumpscare Sound Effect gain.mp3 using Guid(baf814d1eb564b248b28c9ccbf9b64a7) Importer(815301076,1909f56bfc062723c751e8b465ee728b)  -> (artifact id: '0f2d98362aaac051b809d2a985b96755') in 0.058958 seconds 
Number of updated asset objects reloaded before import = 0
Number of asset objects unloaded after import = 2
========================================================================
Received Import Request.
  Time since last request: 137.143881 seconds.
  path: Assets/3Ds/Annie/Materials
  artifactKey: Guid(562e4f08674fda64498693e4a471c1b9) Importer(815301076,1909f56bfc062723c751e8b465ee728b)
Start importing Assets/3Ds/Annie/Materials using Guid(562e4f08674fda64498693e4a471c1b9) Importer(815301076,1909f56bfc062723c751e8b465ee728b)  -> (artifact id: 'a4b8d878bc37f645823bff0047e24da9') in 0.001376 seconds 
Number of updated asset objects reloaded before import = 0
Number of asset objects unloaded after import = 0
========================================================================
Received Import Request.
  Time since last request: 0.067571 seconds.
  path: Assets/3Ds/Annie/Materials/hair02bs.mat
  artifactKey: Guid(e40673795e18c41418e54aeae96d08a5) Importer(815301076,1909f56bfc062723c751e8b465ee728b)
Start importing Assets/3Ds/Annie/Materials/hair02bs.mat using Guid(e40673795e18c41418e54aeae96d08a5) Importer(815301076,1909f56bfc062723c751e8b465ee728b)  -> (artifact id: '59562bc33d3b29640204df26521dad4d') in 0.152274 seconds 
Number of updated asset objects reloaded before import = 0
Number of asset objects unloaded after import = 2
========================================================================
Received Import Request.
  Time since last request: 5.721418 seconds.
  path: Assets/Joystick Pack/Prefabs/Fixed Joystick.prefab
  artifactKey: Guid(aaa2c939c0359ac4dbce3f49e8b90252) Importer(815301076,1909f56bfc062723c751e8b465ee728b)
Start importing Assets/Joystick Pack/Prefabs/Fixed Joystick.prefab using Guid(aaa2c939c0359ac4dbce3f49e8b90252) Importer(815301076,1909f56bfc062723c751e8b465ee728b)  -> (artifact id: '7efbd31f3cc4b0080ddadb4da7197fcc') in 0.004803 seconds 
Number of updated asset objects reloaded before import = 0
Number of asset objects unloaded after import = 11
========================================================================
Received Import Request.
  Time since last request: 0.000043 seconds.
  path: Assets/Prefabs/Manager/InputManager.prefab
  artifactKey: Guid(a01fba3bfe9dc3d449d0ce361e7d529c) Importer(815301076,1909f56bfc062723c751e8b465ee728b)
Start importing Assets/Prefabs/Manager/InputManager.prefab using Guid(a01fba3bfe9dc3d449d0ce361e7d529c) Importer(815301076,1909f56bfc062723c751e8b465ee728b)  -> (artifact id: '3a42260ac9112d222f5a7b13775742e2') in 0.003582 seconds 
Number of updated asset objects reloaded before import = 0
Number of asset objects unloaded after import = 5
========================================================================
Received Import Request.
  Time since last request: 6.249082 seconds.
  path: Assets/Textures/Prototype Materials/Materials/Gridbox.mat
  artifactKey: Guid(c94856ea829c2d649925788a081e2b6a) Importer(815301076,1909f56bfc062723c751e8b465ee728b)
Start importing Assets/Textures/Prototype Materials/Materials/Gridbox.mat using Guid(c94856ea829c2d649925788a081e2b6a) Importer(815301076,1909f56bfc062723c751e8b465ee728b)  -> (artifact id: '7fcc7eb56c7e722ee0273079f633cecb') in 0.032800 seconds 
Number of updated asset objects reloaded before import = 0
Number of asset objects unloaded after import = 2
========================================================================
Received Import Request.
  Time since last request: 0.000033 seconds.
  path: Assets/Textures/Prototype Materials/Materials/Gridbox red.mat
  artifactKey: Guid(a3abf0e071bd6494ebfcd62a54cb5e54) Importer(815301076,1909f56bfc062723c751e8b465ee728b)
Start importing Assets/Textures/Prototype Materials/Materials/Gridbox red.mat using Guid(a3abf0e071bd6494ebfcd62a54cb5e54) Importer(815301076,1909f56bfc062723c751e8b465ee728b)  -> (artifact id: 'f062ceea06d761722f05c35a95082872') in 0.028653 seconds 
Number of updated asset objects reloaded before import = 0
Number of asset objects unloaded after import = 2
========================================================================
Received Import Request.
  Time since last request: 10.025600 seconds.
  path: Assets/3Ds/Annie
  artifactKey: Guid(bd18196177a285e41953ffd19540c6c8) Importer(815301076,1909f56bfc062723c751e8b465ee728b)
Start importing Assets/3Ds/Annie using Guid(bd18196177a285e41953ffd19540c6c8) Importer(815301076,1909f56bfc062723c751e8b465ee728b)  -> (artifact id: '87be8a9cb7ce4d51964844b5b2f7ae1f') in 0.000776 seconds 
Number of updated asset objects reloaded before import = 0
Number of asset objects unloaded after import = 0
========================================================================
Received Import Request.
  Time since last request: 115.350113 seconds.
  path: Assets/Timelines/Playable Jumpscare.playable
  artifactKey: Guid(873c7254c470f074b97133b9424adbc6) Importer(815301076,1909f56bfc062723c751e8b465ee728b)
Start importing Assets/Timelines/Playable Jumpscare.playable using Guid(873c7254c470f074b97133b9424adbc6) Importer(815301076,1909f56bfc062723c751e8b465ee728b)  -> (artifact id: 'b7610300a44a5927deabc3608f2e79c5') in 0.002807 seconds 
Number of updated asset objects reloaded before import = 0
Number of asset objects unloaded after import = 2
========================================================================
Received Import Request.
  Time since last request: 8.586751 seconds.
  path: Assets/Textures/Prototype Materials
  artifactKey: Guid(5ecc3c6462b71ba4ea818e0a033caaf1) Importer(815301076,1909f56bfc062723c751e8b465ee728b)
Start importing Assets/Textures/Prototype Materials using Guid(5ecc3c6462b71ba4ea818e0a033caaf1) Importer(815301076,1909f56bfc062723c751e8b465ee728b)  -> (artifact id: 'c6b4643cfbc39dd678d633c845dc49e4') in 0.000763 seconds 
Number of updated asset objects reloaded before import = 0
Number of asset objects unloaded after import = 0
========================================================================
Received Import Request.
  Time since last request: 0.074598 seconds.
  path: Assets/Textures/Prototype Materials/Gridbox.jpg
  artifactKey: Guid(935b71004553f05408771aa710ea64a7) Importer(815301076,1909f56bfc062723c751e8b465ee728b)
Start importing Assets/Textures/Prototype Materials/Gridbox.jpg using Guid(935b71004553f05408771aa710ea64a7) Importer(815301076,1909f56bfc062723c751e8b465ee728b)  -> (artifact id: 'c0ec7182d01756046cdad78032601e72') in 0.040675 seconds 
Number of updated asset objects reloaded before import = 0
Number of asset objects unloaded after import = 2
========================================================================
Received Import Request.
  Time since last request: 5.337395 seconds.
  path: Assets/Scenes/lighting.lighting
  artifactKey: Guid(994260c7c651fc849aa8d48fd7629d16) Importer(815301076,1909f56bfc062723c751e8b465ee728b)
Start importing Assets/Scenes/lighting.lighting using Guid(994260c7c651fc849aa8d48fd7629d16) Importer(815301076,1909f56bfc062723c751e8b465ee728b)  -> (artifact id: '8fe48d24f84a71a20875bf579fcb51f7') in 0.004705 seconds 
Number of updated asset objects reloaded before import = 0
Number of asset objects unloaded after import = 1
========================================================================
Received Import Request.
  Time since last request: 6.744987 seconds.
  path: Assets/Scenes/SampleScene.unity
  artifactKey: Guid(9fc0d4010bbf28b4594072e72b8655ab) Importer(815301076,1909f56bfc062723c751e8b465ee728b)
Start importing Assets/Scenes/SampleScene.unity using Guid(9fc0d4010bbf28b4594072e72b8655ab) Importer(815301076,1909f56bfc062723c751e8b465ee728b)  -> (artifact id: 'd5bb5ca1b4ac30e1a5d7e88734739240') in 0.001099 seconds 
Number of updated asset objects reloaded before import = 0
Number of asset objects unloaded after import = 0
========================================================================
Received Import Request.
  Time since last request: 12.836003 seconds.
  path: Assets/Scenes/SampleScene_Profiles
  artifactKey: Guid(b241ef97c3335444ba6e9bcafaecbbbf) Importer(815301076,1909f56bfc062723c751e8b465ee728b)
Start importing Assets/Scenes/SampleScene_Profiles using Guid(b241ef97c3335444ba6e9bcafaecbbbf) Importer(815301076,1909f56bfc062723c751e8b465ee728b)  -> (artifact id: '4a5669eaeff424a27c85eeabafb598a2') in 0.000983 seconds 
Number of updated asset objects reloaded before import = 0
Number of asset objects unloaded after import = 0
========================================================================
Received Import Request.
  Time since last request: 0.741722 seconds.
  path: Assets/Scenes/SampleScene_Profiles/PostProcessing Profile.asset
  artifactKey: Guid(6284656c153af4540964cb9aaa5ae9a1) Importer(815301076,1909f56bfc062723c751e8b465ee728b)
Start importing Assets/Scenes/SampleScene_Profiles/PostProcessing Profile.asset using Guid(6284656c153af4540964cb9aaa5ae9a1) Importer(815301076,1909f56bfc062723c751e8b465ee728b)  -> (artifact id: 'd4a214f2a6d4eecb2e8cadfdb366c1c8') in 0.004994 seconds 
Number of updated asset objects reloaded before import = 0
Number of asset objects unloaded after import = 1
========================================================================
Received Import Request.
  Time since last request: 3.777029 seconds.
  path: Assets/Scenes/SampleScene/LightingData.asset
  artifactKey: Guid(177d8ea6b309aa14db7e7ff40f739526) Importer(815301076,1909f56bfc062723c751e8b465ee728b)
Start importing Assets/Scenes/SampleScene/LightingData.asset using Guid(177d8ea6b309aa14db7e7ff40f739526) Importer(815301076,1909f56bfc062723c751e8b465ee728b)  -> (artifact id: 'd81c3ed2eb2fb2d2bc5f25aebfe151d5') in 0.002279 seconds 
Number of updated asset objects reloaded before import = 0
Number of asset objects unloaded after import = 1
========================================================================
Received Import Request.
  Time since last request: 0.000624 seconds.
  path: Assets/Scenes/SampleScene/Lightmap-0_comp_shadowmask.png
  artifactKey: Guid(8306ff5922b25f947a9eb142042aa12d) Importer(815301076,1909f56bfc062723c751e8b465ee728b)
Start importing Assets/Scenes/SampleScene/Lightmap-0_comp_shadowmask.png using Guid(8306ff5922b25f947a9eb142042aa12d) Importer(815301076,1909f56bfc062723c751e8b465ee728b)  -> (artifact id: '5bae9827c51ac968e5fce69f90af95f5') in 0.028161 seconds 
Number of updated asset objects reloaded before import = 0
Number of asset objects unloaded after import = 2
========================================================================
Received Import Request.
  Time since last request: 0.000031 seconds.
  path: Assets/Scenes/SampleScene/ReflectionProbe-0.exr
  artifactKey: Guid(3fdd777a343d4bd40985a1353229f1fe) Importer(815301076,1909f56bfc062723c751e8b465ee728b)
Start importing Assets/Scenes/SampleScene/ReflectionProbe-0.exr using Guid(3fdd777a343d4bd40985a1353229f1fe) Importer(815301076,1909f56bfc062723c751e8b465ee728b)  -> (artifact id: 'd8bde65c37b2432df4a36567265d07bc') in 0.051536 seconds 
Number of updated asset objects reloaded before import = 0
Number of asset objects unloaded after import = 1
========================================================================
Received Import Request.
  Time since last request: 33.175693 seconds.
  path: Assets/Scenes/SampleScene/Materials
  artifactKey: Guid(c92a70bf4e8333e42bd0cb2f942b305f) Importer(815301076,1909f56bfc062723c751e8b465ee728b)
Start importing Assets/Scenes/SampleScene/Materials using Guid(c92a70bf4e8333e42bd0cb2f942b305f) Importer(815301076,1909f56bfc062723c751e8b465ee728b)  -> (artifact id: '06e256229e74f86a61c321c29777c0cf') in 0.001031 seconds 
Number of updated asset objects reloaded before import = 0
Number of asset objects unloaded after import = 0
========================================================================
Received Import Request.
  Time since last request: 0.043501 seconds.
  path: Assets/Scenes/SampleScene/Materials/Lightmap-0_comp_light.mat
  artifactKey: Guid(670e368380a24364f904cc3fd98069d3) Importer(815301076,1909f56bfc062723c751e8b465ee728b)
Start importing Assets/Scenes/SampleScene/Materials/Lightmap-0_comp_light.mat using Guid(670e368380a24364f904cc3fd98069d3) Importer(815301076,1909f56bfc062723c751e8b465ee728b)  -> (artifact id: '202e3ed560afd262c8f3dbd601664606') in 0.034161 seconds 
Number of updated asset objects reloaded before import = 0
Number of asset objects unloaded after import = 2
